[2025-12-02T12:50:06.796+0000] {taskinstance.py:1159} INFO - Dependencies all met for dep_context=non-requeueable deps ti=<TaskInstance: example_failing_dag.failing_task scheduled__2023-06-24T00:00:00+00:00 [queued]>
[2025-12-02T12:50:06.801+0000] {taskinstance.py:1159} INFO - Dependencies all met for dep_context=requeueable deps ti=<TaskInstance: example_failing_dag.failing_task scheduled__2023-06-24T00:00:00+00:00 [queued]>
[2025-12-02T12:50:06.801+0000] {taskinstance.py:1361} INFO - Starting attempt 1 of 2
[2025-12-02T12:50:06.811+0000] {taskinstance.py:1382} INFO - Executing <Task(PythonOperator): failing_task> on 2023-06-24 00:00:00+00:00
[2025-12-02T12:50:06.816+0000] {standard_task_runner.py:57} INFO - Started process 979 to run task
[2025-12-02T12:50:06.818+0000] {standard_task_runner.py:84} INFO - Running: ['***', 'tasks', 'run', 'example_failing_dag', 'failing_task', 'scheduled__2023-06-24T00:00:00+00:00', '--job-id', '337', '--raw', '--subdir', 'DAGS_FOLDER/example_failing_dag.py', '--cfg-path', '/tmp/tmp0upjkf0q']
[2025-12-02T12:50:06.822+0000] {standard_task_runner.py:85} INFO - Job 337: Subtask failing_task
[2025-12-02T12:50:06.838+0000] {logging_mixin.py:154} WARNING - /home/***/.local/lib/python3.8/site-packages/***/settings.py:195 DeprecationWarning: The sql_alchemy_conn option in [core] has been moved to the sql_alchemy_conn option in [database] - the old setting has been used, but please update your config.
[2025-12-02T12:50:06.861+0000] {task_command.py:416} INFO - Running <TaskInstance: example_failing_dag.failing_task scheduled__2023-06-24T00:00:00+00:00 [running]> on host d4682a01bea6
[2025-12-02T12:50:06.914+0000] {taskinstance.py:1662} INFO - Exporting env vars: AIRFLOW_CTX_DAG_OWNER='***' AIRFLOW_CTX_DAG_ID='example_failing_dag' AIRFLOW_CTX_TASK_ID='failing_task' AIRFLOW_CTX_EXECUTION_DATE='2023-06-24T00:00:00+00:00' AIRFLOW_CTX_TRY_NUMBER='1' AIRFLOW_CTX_DAG_RUN_ID='scheduled__2023-06-24T00:00:00+00:00'
[2025-12-02T12:50:06.914+0000] {taskinstance.py:1937} ERROR - Task failed with exception
Traceback (most recent call last):
  File "/home/airflow/.local/lib/python3.8/site-packages/airflow/operators/python.py", line 192, in execute
    return_value = self.execute_callable()
  File "/home/airflow/.local/lib/python3.8/site-packages/airflow/operators/python.py", line 209, in execute_callable
    return self.python_callable(*self.op_args, **self.op_kwargs)
  File "/opt/airflow/dags/example_failing_dag.py", line 16, in failing_task
    raise Exception("This is a simulated failure for testing the AI Troubleshooter.")
Exception: This is a simulated failure for testing the AI Troubleshooter.
[2025-12-02T12:50:06.919+0000] {taskinstance.py:1400} INFO - Marking task as UP_FOR_RETRY. dag_id=example_failing_dag, task_id=failing_task, execution_date=20230624T000000, start_date=20251202T125006, end_date=20251202T125006
[2025-12-02T12:50:06.925+0000] {standard_task_runner.py:104} ERROR - Failed to execute job 337 for task failing_task (This is a simulated failure for testing the AI Troubleshooter.; 979)
[2025-12-02T12:50:06.960+0000] {local_task_job_runner.py:228} INFO - Task exited with return code 1
[2025-12-02T12:50:06.974+0000] {taskinstance.py:2778} INFO - 0 downstream tasks scheduled from follow-on schedule check
