[2025-12-02T14:21:02.392+0000] {taskinstance.py:1159} INFO - Dependencies all met for dep_context=non-requeueable deps ti=<TaskInstance: example_failing_dag.failing_task scheduled__2024-03-25T00:00:00+00:00 [queued]>
[2025-12-02T14:21:02.421+0000] {taskinstance.py:1159} INFO - Dependencies all met for dep_context=requeueable deps ti=<TaskInstance: example_failing_dag.failing_task scheduled__2024-03-25T00:00:00+00:00 [queued]>
[2025-12-02T14:21:02.423+0000] {taskinstance.py:1361} INFO - Starting attempt 2 of 2
[2025-12-02T14:21:02.474+0000] {taskinstance.py:1382} INFO - Executing <Task(PythonOperator): failing_task> on 2024-03-25 00:00:00+00:00
[2025-12-02T14:21:02.500+0000] {standard_task_runner.py:57} INFO - Started process 3004 to run task
[2025-12-02T14:21:02.509+0000] {standard_task_runner.py:84} INFO - Running: ['***', 'tasks', 'run', 'example_failing_dag', 'failing_task', 'scheduled__2024-03-25T00:00:00+00:00', '--job-id', '909', '--raw', '--subdir', 'DAGS_FOLDER/example_failing_dag.py', '--cfg-path', '/tmp/tmpfwbj6uk6']
[2025-12-02T14:21:02.532+0000] {standard_task_runner.py:85} INFO - Job 909: Subtask failing_task
[2025-12-02T14:21:02.571+0000] {logging_mixin.py:154} WARNING - /home/***/.local/lib/python3.8/site-packages/***/settings.py:195 DeprecationWarning: The sql_alchemy_conn option in [core] has been moved to the sql_alchemy_conn option in [database] - the old setting has been used, but please update your config.
[2025-12-02T14:21:02.962+0000] {task_command.py:416} INFO - Running <TaskInstance: example_failing_dag.failing_task scheduled__2024-03-25T00:00:00+00:00 [running]> on host d4682a01bea6
[2025-12-02T14:21:04.285+0000] {taskinstance.py:1662} INFO - Exporting env vars: AIRFLOW_CTX_DAG_OWNER='***' AIRFLOW_CTX_DAG_ID='example_failing_dag' AIRFLOW_CTX_TASK_ID='failing_task' AIRFLOW_CTX_EXECUTION_DATE='2024-03-25T00:00:00+00:00' AIRFLOW_CTX_TRY_NUMBER='2' AIRFLOW_CTX_DAG_RUN_ID='scheduled__2024-03-25T00:00:00+00:00'
[2025-12-02T14:21:04.444+0000] {taskinstance.py:1937} ERROR - Task failed with exception
Traceback (most recent call last):
  File "/home/airflow/.local/lib/python3.8/site-packages/airflow/operators/python.py", line 192, in execute
    return_value = self.execute_callable()
  File "/home/airflow/.local/lib/python3.8/site-packages/airflow/operators/python.py", line 209, in execute_callable
    return self.python_callable(*self.op_args, **self.op_kwargs)
  File "/opt/airflow/dags/example_failing_dag.py", line 16, in failing_task
    raise Exception("This is a simulated failure for testing the AI Troubleshooter.")
Exception: This is a simulated failure for testing the AI Troubleshooter.
[2025-12-02T14:21:04.667+0000] {taskinstance.py:1400} INFO - Marking task as FAILED. dag_id=example_failing_dag, task_id=failing_task, execution_date=20240325T000000, start_date=20251202T142102, end_date=20251202T142104
[2025-12-02T14:21:04.811+0000] {standard_task_runner.py:104} ERROR - Failed to execute job 909 for task failing_task (This is a simulated failure for testing the AI Troubleshooter.; 3004)
[2025-12-02T14:21:04.898+0000] {local_task_job_runner.py:228} INFO - Task exited with return code 1
[2025-12-02T14:21:05.173+0000] {taskinstance.py:2778} INFO - 0 downstream tasks scheduled from follow-on schedule check
