[2025-12-02T14:09:42.748+0000] {taskinstance.py:1159} INFO - Dependencies all met for dep_context=non-requeueable deps ti=<TaskInstance: example_failing_dag.failing_task scheduled__2024-02-15T00:00:00+00:00 [queued]>
[2025-12-02T14:09:42.926+0000] {taskinstance.py:1159} INFO - Dependencies all met for dep_context=requeueable deps ti=<TaskInstance: example_failing_dag.failing_task scheduled__2024-02-15T00:00:00+00:00 [queued]>
[2025-12-02T14:09:42.929+0000] {taskinstance.py:1361} INFO - Starting attempt 2 of 2
[2025-12-02T14:09:43.121+0000] {taskinstance.py:1382} INFO - Executing <Task(PythonOperator): failing_task> on 2024-02-15 00:00:00+00:00
[2025-12-02T14:09:43.172+0000] {standard_task_runner.py:57} INFO - Started process 2750 to run task
[2025-12-02T14:09:43.245+0000] {standard_task_runner.py:84} INFO - Running: ['***', 'tasks', 'run', 'example_failing_dag', 'failing_task', 'scheduled__2024-02-15T00:00:00+00:00', '--job-id', '834', '--raw', '--subdir', 'DAGS_FOLDER/example_failing_dag.py', '--cfg-path', '/tmp/tmpz1knmeaw']
[2025-12-02T14:09:43.334+0000] {standard_task_runner.py:85} INFO - Job 834: Subtask failing_task
[2025-12-02T14:09:43.627+0000] {logging_mixin.py:154} WARNING - /home/***/.local/lib/python3.8/site-packages/***/settings.py:195 DeprecationWarning: The sql_alchemy_conn option in [core] has been moved to the sql_alchemy_conn option in [database] - the old setting has been used, but please update your config.
[2025-12-02T14:09:44.621+0000] {task_command.py:416} INFO - Running <TaskInstance: example_failing_dag.failing_task scheduled__2024-02-15T00:00:00+00:00 [running]> on host d4682a01bea6
[2025-12-02T14:09:47.124+0000] {taskinstance.py:1662} INFO - Exporting env vars: AIRFLOW_CTX_DAG_OWNER='***' AIRFLOW_CTX_DAG_ID='example_failing_dag' AIRFLOW_CTX_TASK_ID='failing_task' AIRFLOW_CTX_EXECUTION_DATE='2024-02-15T00:00:00+00:00' AIRFLOW_CTX_TRY_NUMBER='2' AIRFLOW_CTX_DAG_RUN_ID='scheduled__2024-02-15T00:00:00+00:00'
[2025-12-02T14:09:47.917+0000] {taskinstance.py:1937} ERROR - Task failed with exception
Traceback (most recent call last):
  File "/home/airflow/.local/lib/python3.8/site-packages/airflow/operators/python.py", line 192, in execute
    return_value = self.execute_callable()
  File "/home/airflow/.local/lib/python3.8/site-packages/airflow/operators/python.py", line 209, in execute_callable
    return self.python_callable(*self.op_args, **self.op_kwargs)
  File "/opt/airflow/dags/example_failing_dag.py", line 16, in failing_task
    raise Exception("This is a simulated failure for testing the AI Troubleshooter.")
Exception: This is a simulated failure for testing the AI Troubleshooter.
[2025-12-02T14:09:49.058+0000] {taskinstance.py:1400} INFO - Marking task as FAILED. dag_id=example_failing_dag, task_id=failing_task, execution_date=20240215T000000, start_date=20251202T140942, end_date=20251202T140948
[2025-12-02T14:09:51.368+0000] {standard_task_runner.py:104} ERROR - Failed to execute job 834 for task failing_task (This is a simulated failure for testing the AI Troubleshooter.; 2750)
[2025-12-02T14:09:51.609+0000] {local_task_job_runner.py:228} INFO - Task exited with return code 1
[2025-12-02T14:09:52.020+0000] {taskinstance.py:2778} INFO - 0 downstream tasks scheduled from follow-on schedule check
